{'productions': ['<X> -> [0-9]{1,8}'], 'constraints': []}
{'productions': ['<X> -> [n] <n> <Y_n>', '<Y_i> -> <Y_i-1> <s> a_i', '<Y_1> -> a_1', '<Z> -> f_i'], 'constraints': ['1<=a_i<=2*10^5', '1<=n<=2*10^5']}
{'productions': ['<X> -> [t] <n> <Y_t>', '<Y_i> -> <Y_i-1> <n> [A-Z]{1,50}', '<Y_1> -> [A-Z]{1,50}'], 'constraints': ['1<=t<=1000']}
{'productions': ['<X> -> [t] <n> <Y_t>', '<Y_i> -> <Y_i-1> <n> [n] <n> <Z_n>', '<Y_1> -> [n] <n> <Z_n>', '<Z_i> -> <Z_i-1> <s> a_i', '<Z_1> -> a_1'], 'constraints': ['0<=a_i<=2*10^5', '1<=t<=1000', '2<=n<=2*10^5']}
{'productions': ['<X> -> [t] <n> <Y_t>', '<Y_i> -> <Y_i-1> <n> [n] <n> <Z_n>', '<Y_1> -> [n] <n> <Z_n>', '<Z_i> -> <Z_i-1> <n> a_i', '<Z_1> -> a_1', '<Z_i> -> <Z_i-1> <s> a_i', '<Z_1> -> a_1'], 'constraints': ['1<=t<=1000', '-10^9<=a_i<=10^9', '1<=n<=2*10^5']}
{'productions': ['<X> -> [t] <n> <Y_t>', '<Y_i> -> <Y_i-1> <n> n <s> m <s> k', '<Y_1> -> n <s> m <s> k'], 'constraints': ['1<=n<=10^9', '1<=t<=10^5', '0<=k<=10^9', '0<=m<=10^9']}
{'productions': ['<X> -> [t] <n> <Y_t>', '<Y_i> -> <Y_i-1> <n> a <s> b <s> c', '<Y_1> -> a <s> b <s> c'], 'constraints': ['1<=a,b,c<=10^9', '1<=t<=1000']}
{'productions': ['<X> -> [t] <n> <Y_t>', '<Y_i> -> <Y_i-1> <n> [n] <n> <Z_n>', '<Y_1> -> [n] <n> <Z_n>', '<Z_i> -> <Z_i-1> <s> a_i', '<Z_1> -> a_1'], 'constraints': ['1<=n<=60', '1<=t<=1000', '0<=a_i<=10^9']}
{'productions': ['<X> -> [t] <n> <Y_t>', '<Y_i> -> <Y_i-1> <n> [n] <n> [a-z]{n}', '<Y_1> -> [n] <n> [a-z]{n}'], 'constraints': ['1<=t<=100', '1<=n<=10^5']}
{'productions': ['<X> -> [n] <n> <Y_n>', '<Y_i> -> <Y_i-1> <s> a_i', '<Y_1> -> a_1', '<Z_i> -> <Z_i-1> <n> x_i', '<Z_1> -> x_1'], 'constraints': ['1<=n<=10^5', '0<=a_i<=500']}
{'productions': ['<X> -> [t] <n> <Y_t>', '<Y_i> -> <Y_i-1> <n> [n] <n> <Z_n>', '<Y_1> -> [n] <n> <Z_n>', '<Z_i> -> <Z_i-1> <s> a_i', '<Z_1> -> a_1'], 'constraints': ['1<=t<=100', '3<=n<=100', '1<=a_i<=200']}
{'productions': ['<X> -> [n] <s> k <n> <Y_n>', '<Y_i> -> <Y_i-1> <n> [1-k]{1}', '<Y_1> -> [1-k]{1}'], 'constraints': ['2<=k<n<=1000']}
{'productions': ['<X> -> [n] <n> <Y_n>', '<Y_i> -> <Y_i-1> <n> [A-Z]{n}', '<Y_1> -> [A-Z]{n}'], 'constraints': ['1<=n<=2000']}
{'productions': ['<X> -> [t] <n> <Y_t>', '<Y_i> -> <Y_i-1> <n> [n] <n> <Z_n>', '<Y_1> -> [n] <n> <Z_n>', '<Z_i> -> <Z_i-1> <s> a_i', '<Z_1> -> a_1'], 'constraints': ['1<=t<=100', '0<=a_i<=1', '1<=n<=100']}
{'productions': ['<X> -> [t] <n> <Y_t>', '<Y_i> -> <Y_i-1> <n> [n] <s> k <n> <Z_n>', '<Y_1> -> [n] <s> k <n> <Z_n>', '<Z_i> -> <Z_i-1> <s> x_i', '<Z_1> -> x_1'], 'constraints': ['-10^9<=x_i<=10^9', '1<=k<=n<=2*10^5', '1<=t<=500']}
{'productions': ['<X> -> [t] <n> <Y_t>', '<Y_i> -> <Y_i-1> <n> [n] <n> <Z_n>', '<Y_1> -> [n] <n> <Z_n>', '<Z_i> -> <Z_i-1> <s> a_i', '<Z_1> -> a_1'], 'constraints': ['1<=t<=5*10^5', '1<=a_i<=n', '1<=n<=5*10^5']}
{'productions': ['<X> -> [n] <n> <Y_n>', '<Y_i> -> <Y_i-1> <s> a_i', '<Y_1> -> a_1'], 'constraints': ['1<=a_i<=10^9', '1<=n<=2*10^5']}
{'productions': ['<X> -> [t] <n> <Y_t>', '<Y_i> -> <Y_i-1> <n> n <s> k', '<Y_1> -> n <s> k'], 'constraints': ['1<=k<=10^9', '2<=n<=10^9', '1<=t<=10^4']}
{'productions': ['<X> -> k'], 'constraints': ['1<=k<=60']}
{'productions': ['<X> -> [t] <n> <Y_t>', '<Y_i> -> <Y_i-1> <n> [n] <n> <Z_n>', '<Y_1> -> [n] <n> <Z_n>', '<Z_i> -> <Z_i-1> <s> a_i', '<Z_1> -> a_1'], 'constraints': ['0<=a_i<=10^9', '3<=n<=2*10^5', '1<=t<=10^4']}
{'productions': ['<X> -> [t] <n> <Y_t>', '<Y_i> -> <Y_i-1> <n> [n] <n> <Z_n>', '<Y_1> -> [n] <n> <Z_n>', '<Z_i> -> <Z_i-1> <n> a_i <s> b_i', '<Z_1> -> a_1 <s> b_1'], 'constraints': ['2<=n<=2*10^5', '1<=a_i,b_i<=n', '1<=t<=500000']}
{'productions': ['<X> -> n <s> m <s> [q] <n> <Y_q>', '<Y_i> -> <Y_i-1> <n> x <s> y', '<Y_1> -> x <s> y'], 'constraints': ['1<=y<=m', '1<=x<=n', '1<=q<=10^4', '1<=n,m<=1000']}
{'productions': ['<X> -> [n] <n> <Y_n>', '<Y_i> -> <Y_i-1> <n> [()]{1,4}', '<Y_1> -> [()]{1,4}'], 'constraints': ['1<=n<=20']}
{'productions': ['<X> -> [N] <n> <Y_N>', '<Y_i> -> <Y_i-1> <s> A_i', '<Y_1> -> A_1', '<Z_i> -> <Z_i-1> <s> B_i', '<Z_1> -> B_1'], 'constraints': ['1<=B_i<=10^6', '2<=N<=10^3', '1<=A_i<=10^9']}
{'productions': ['<X> -> [N] <n> <Y_N>', '<Y_i> -> <Y_i-1> <s> A_i', '<Y_1> -> A_1'], 'constraints': ['0<=A_i<=10^9', '1<=N<=2*10^5']}
{'productions': ['<X> -> [t] <n> <Y_t>', '<Y_i> -> <Y_i-1> <n> [n] <n> <Z_n>', '<Y_1> -> [n] <n> <Z_n>', '<Z_i> -> <Z_i-1> <s> a_i', '<Z_1> -> a_1'], 'constraints': ['1<=t<=200', '1<=a_i<=10^9', '2<=n<=100']}
{'productions': ['<X> -> [t] <n> <Y_t>', '<Y_i> -> <Y_i-1> <n> [n] <n> <Z_n>', '<Y_1> -> [n] <n> <Z_n>', '<Z_i> -> <Z_i-1> <s> a_i', '<Z_1> -> a_1'], 'constraints': ['2<=n<=10^5', '1<=t<=10000', '1<=a_i<=10^9']}
{'productions': ['<X> -> [t] <n> <Y_t>', '<Y_i> -> <Y_i-1> <n> [n] <n> <Z_n>', '<Y_1> -> [n] <n> <Z_n>', '<Z_i> -> <Z_i-1> <s> a_i', '<Z_1> -> a_1'], 'constraints': ['1<=n<=10^5', '1<=t<=10000', '1<=a_i<=10^9']}
{'productions': ['<X> -> [t] <n> <Y_t>', '<Y_i> -> <Y_i-1> <n> x <s> y', '<Y_1> -> x <s> y'], 'constraints': ['2<=x,y<=10^9', '1<=t<=10^5', 'n%2==0']}
{'productions': ['<X> -> [t] <n> <Y_t>', '<Y_i> -> <Y_i-1> <n> [0-9]{1,100}', '<Y_1> -> [0-9]{1,100}'], 'constraints': ['1<=t<=1000']}
{'productions': ['<X> -> [t] <n> <Y_t>', '<Y_i> -> <Y_i-1> <n> [n] <s> k <n> <Z_n>', '<Y_1> -> [n] <s> k <n> <Z_n>', '<Z_i> -> <Z_i-1> <s> a_i', '<Z_1> -> a_1'], 'constraints': ['1<=k<=10^9', '0<=a_i<=9', '1<=n<=10', '1<=t<=10^4']}
{'productions': ['<X> -> n <s> x'], 'constraints': ['1<=x<=500', '2<=n<=500']}
{'productions': ['<X> -> [t] <n> <Y_t>', '<Y_i> -> <Y_i-1> <n> [n] <n> <Z_n> <n> <W_n>', '<Y_1> -> [n] <n> <Z_n> <n> <W_n>', '<Z_i> -> <Z_i-1> <s> a_i', '<Z_1> -> a_1', '<W_i> -> <W_i-1> <s> b_i', '<W_1> -> b_1'], 'constraints': ['1<=t<=100', '1<=n<=10^5', '1<=a_i<=10^9', '1<=b_i<=10^9']}
{'productions': ['<X> -> [t] <n> <Y_t>', '<Y_i> -> <Y_i-1> <n> [n] <n> <Z_n>', '<Y_1> -> [n] <n> <Z_n>', '<Z_i> -> <Z_i-1> <s> a_i', '<Z_1> -> a_1'], 'constraints': ['1<=a_i<=10^6', '2<=n<=2*10^5', '1<=t<=10^4']}
{'productions': ['<X> -> [t] <n> <Y_t>', '<Y_i> -> <Y_i-1> <n> [n] <n> <Z_n>', '<Y_1> -> [n] <n> <Z_n>', '<Z_i> -> <Z_i-1> <s> a_i', '<Z_1> -> a_1'], 'constraints': ['1<=t<=10^5', '1<=n<=5*10^5', '0<=a_i<=n']}
{'productions': ['<X> -> [t] <n> <Y_t>', '<Y_i> -> <Y_i-1> <n> l <s> r', '<Y_1> -> l <s> r'], 'constraints': ['2<=l<=r<=2*10^5', '1<=t<=10^4']}
{'productions': ['<X> -> [t] <n> <Y_t>', '<Y_i> -> <Y_i-1> <n> [n] <n> <Z_n>', '<Y_1> -> [n] <n> <Z_n>', '<Z_i> -> <Z_i-1> <s> a_i', '<Z_1> -> a_1'], 'constraints': ['1<=n<=10^5', '1<=a_i<=10^9', '1<=t<=10^4']}
{'productions': ['<X> -> [n] <n> <Y_n>', '<Y_i> -> <Y_i-1> <s> a_i', '<Y_1> -> a_1'], 'constraints': ['0<=a_i<=10^9', '2<=n<=2*10^5']}
{'productions': ['<X> -> x <s> y'], 'constraints': ['1<=x,y<=10^18']}
{'productions': ['<X> -> [t] <n> <Y_t>', '<Y_i> -> <Y_i-1> <n> [a-z]{1,100}', '<Y_1> -> [a-z]{1,100}'], 'constraints': ['1<=t<=100']}
{'productions': ['<X> -> [t] <n> <Y_t>', '<Y_i> -> <Y_i-1> <n> n', '<Y_1> -> n'], 'constraints': ['1<=n<=10^9', '1<=t<=20']}
{'productions': ['<X> -> [t] <n> <Y_t>', '<Y_i> -> <Y_i-1> <n> a <s> s', '<Y_1> -> a <s> s'], 'constraints': ['1<=a<s<=10^18', '1<=t<=10^4']}
{'productions': ['<X> -> [t] <n> <Y_t>', '<Y_i> -> <Y_i-1> <n> [n] <n> <Z_n>', '<Y_1> -> [n] <n> <Z_n>', '<Z_i> -> <Z_i-1> <s> a_i', '<Z_1> -> a_1'], 'constraints': ['1<=n<=2*10^5', '0<=a_i<=n', '1<=t<=10^4']}
{'productions': ['<X> -> [t] <n> <Y_t>', '<Y_i> -> <Y_i-1> <n> [n] <n> [1-3]{n}', '<Y_1> -> [n] <n> [1-3]{n}', '<Z_i> -> <Z_i-1> <s> a_i', '<Z_1> -> a_1'], 'constraints': ['2<=n<=50', '1<=t<=1000', 's_i!=a_j']}
{'productions': ['<X> -> [t] <n> <Y_t>', '<Y_i> -> <Y_i-1> <n> [n] <s> k <s> x <n> [a-z]{n}', '<Y_1> -> [n] <s> k <s> x <n> [a-z]{n}'], 'constraints': ['1<=t<=2000', '1<=x<=10^18', '0<=k<=2000', '1<=n<=2000']}
{'productions': ['<X> -> [n] <s> k <n> [01]{n}'], 'constraints': ['2<=n<=5000', '0<=k<=n']}
{'productions': ['<X> -> n'], 'constraints': ['1<=n<=10^6']}
Sound: 37.90%
Complete: 0.00%
Sound and Complete: 0.00%
